<?xml version="1.0" encoding="UTF-8"?>
<testsuite name="org.example.IntegrationTesting" tests="3" skipped="0" failures="0" errors="0" timestamp="2022-10-09T17:49:24" hostname="LAPTOP-OE0JAP6Q" time="1.604">
  <properties/>
  <testcase name="Integration Test of Repos API" classname="org.example.IntegrationTesting" time="1.222"/>
  <testcase name="Integration Test of Commits API" classname="org.example.IntegrationTesting" time="0.192"/>
  <testcase name="Integration Test of Branches API" classname="org.example.IntegrationTesting" time="0.189"/>
  <system-out><![CDATA[21:49:22.388 [Test worker] DEBUG org.springframework.test.context.BootstrapUtils - Instantiating CacheAwareContextLoaderDelegate from class [org.springframework.test.context.cache.DefaultCacheAwareContextLoaderDelegate]
21:49:22.399 [Test worker] DEBUG org.springframework.test.context.BootstrapUtils - Instantiating BootstrapContext using constructor [public org.springframework.test.context.support.DefaultBootstrapContext(java.lang.Class,org.springframework.test.context.CacheAwareContextLoaderDelegate)]
21:49:22.432 [Test worker] DEBUG org.springframework.test.context.BootstrapUtils - Instantiating TestContextBootstrapper for test class [org.example.IntegrationTesting] from class [org.springframework.boot.test.context.SpringBootTestContextBootstrapper]
21:49:22.443 [Test worker] INFO org.springframework.boot.test.context.SpringBootTestContextBootstrapper - Neither @ContextConfiguration nor @ContextHierarchy found for test class [org.example.IntegrationTesting], using SpringBootContextLoader
21:49:22.447 [Test worker] DEBUG org.springframework.test.context.support.AbstractContextLoader - Did not detect default resource location for test class [org.example.IntegrationTesting]: class path resource [org/example/IntegrationTesting-context.xml] does not exist
21:49:22.447 [Test worker] DEBUG org.springframework.test.context.support.AbstractContextLoader - Did not detect default resource location for test class [org.example.IntegrationTesting]: class path resource [org/example/IntegrationTestingContext.groovy] does not exist
21:49:22.448 [Test worker] INFO org.springframework.test.context.support.AbstractContextLoader - Could not detect default resource locations for test class [org.example.IntegrationTesting]: no resource found for suffixes {-context.xml, Context.groovy}.
21:49:22.448 [Test worker] INFO org.springframework.test.context.support.AnnotationConfigContextLoaderUtils - Could not detect default configuration classes for test class [org.example.IntegrationTesting]: IntegrationTesting does not declare any static, non-private, non-final, nested classes annotated with @Configuration.
21:49:22.485 [Test worker] DEBUG org.springframework.test.context.support.ActiveProfilesUtils - Could not find an 'annotation declaring class' for annotation type [org.springframework.test.context.ActiveProfiles] and class [org.example.IntegrationTesting]
21:49:22.531 [Test worker] DEBUG org.springframework.context.annotation.ClassPathScanningCandidateComponentProvider - Identified candidate component class: file [C:\Users\ASUS\Desktop\Eshqin_Hasanov_QA_lab5\build\classes\java\main\org\example\Integration.class]
21:49:22.533 [Test worker] INFO org.springframework.boot.test.context.SpringBootTestContextBootstrapper - Found @SpringBootConfiguration org.example.Integration for test class org.example.IntegrationTesting
21:49:22.611 [Test worker] DEBUG org.springframework.boot.test.context.SpringBootTestContextBootstrapper - @TestExecutionListeners is not present for class [org.example.IntegrationTesting]: using defaults.
21:49:22.611 [Test worker] INFO org.springframework.boot.test.context.SpringBootTestContextBootstrapper - Loaded default TestExecutionListener class names from location [META-INF/spring.factories]: [org.springframework.boot.test.autoconfigure.restdocs.RestDocsTestExecutionListener, org.springframework.boot.test.autoconfigure.web.client.MockRestServiceServerResetTestExecutionListener, org.springframework.boot.test.autoconfigure.web.servlet.MockMvcPrintOnlyOnFailureTestExecutionListener, org.springframework.boot.test.autoconfigure.web.servlet.WebDriverTestExecutionListener, org.springframework.boot.test.autoconfigure.webservices.client.MockWebServiceServerTestExecutionListener, org.springframework.boot.test.mock.mockito.MockitoTestExecutionListener, org.springframework.boot.test.mock.mockito.ResetMocksTestExecutionListener, org.springframework.test.context.web.ServletTestExecutionListener, org.springframework.test.context.support.DirtiesContextBeforeModesTestExecutionListener, org.springframework.test.context.event.ApplicationEventsTestExecutionListener, org.springframework.test.context.support.DependencyInjectionTestExecutionListener, org.springframework.test.context.support.DirtiesContextTestExecutionListener, org.springframework.test.context.transaction.TransactionalTestExecutionListener, org.springframework.test.context.jdbc.SqlScriptsTestExecutionListener, org.springframework.test.context.event.EventPublishingTestExecutionListener]
21:49:22.626 [Test worker] DEBUG org.springframework.boot.test.context.SpringBootTestContextBootstrapper - Skipping candidate TestExecutionListener [org.springframework.test.context.transaction.TransactionalTestExecutionListener] due to a missing dependency. Specify custom listener classes or make the default listener classes and their required dependencies available. Offending class: [org/springframework/transaction/interceptor/TransactionAttributeSource]
21:49:22.626 [Test worker] DEBUG org.springframework.boot.test.context.SpringBootTestContextBootstrapper - Skipping candidate TestExecutionListener [org.springframework.test.context.jdbc.SqlScriptsTestExecutionListener] due to a missing dependency. Specify custom listener classes or make the default listener classes and their required dependencies available. Offending class: [org/springframework/transaction/interceptor/TransactionAttribute]
21:49:22.627 [Test worker] INFO org.springframework.boot.test.context.SpringBootTestContextBootstrapper - Using TestExecutionListeners: [org.springframework.test.context.web.ServletTestExecutionListener@5593845d, org.springframework.test.context.support.DirtiesContextBeforeModesTestExecutionListener@10762cb8, org.springframework.test.context.event.ApplicationEventsTestExecutionListener@20a83047, org.springframework.boot.test.mock.mockito.MockitoTestExecutionListener@1749c9aa, org.springframework.boot.test.autoconfigure.SpringBootDependencyInjectionTestExecutionListener@5e310672, org.springframework.test.context.support.DirtiesContextTestExecutionListener@7f03f2e0, org.springframework.test.context.event.EventPublishingTestExecutionListener@1ec8df4f, org.springframework.boot.test.autoconfigure.restdocs.RestDocsTestExecutionListener@471551a5, org.springframework.boot.test.autoconfigure.web.client.MockRestServiceServerResetTestExecutionListener@11c1cda3, org.springframework.boot.test.autoconfigure.web.servlet.MockMvcPrintOnlyOnFailureTestExecutionListener@7135b989, org.springframework.boot.test.autoconfigure.web.servlet.WebDriverTestExecutionListener@29df3247, org.springframework.boot.test.autoconfigure.webservices.client.MockWebServiceServerTestExecutionListener@44aad6a0, org.springframework.boot.test.mock.mockito.ResetMocksTestExecutionListener@5b99b743]
21:49:22.630 [Test worker] DEBUG org.springframework.test.context.support.AbstractDirtiesContextTestExecutionListener - Before test class: context [DefaultTestContext@13817705 testClass = IntegrationTesting, testInstance = [null], testMethod = [null], testException = [null], mergedContextConfiguration = [WebMergedContextConfiguration@1047bf10 testClass = IntegrationTesting, locations = '{}', classes = '{class org.example.Integration}', contextInitializerClasses = '[]', activeProfiles = '{}', propertySourceLocations = '{}', propertySourceProperties = '{org.springframework.boot.test.context.SpringBootTestContextBootstrapper=true}', contextCustomizers = set[org.springframework.boot.test.autoconfigure.actuate.metrics.MetricsExportContextCustomizerFactory$DisableMetricExportContextCustomizer@3c29b215, org.springframework.boot.test.autoconfigure.properties.PropertyMappingContextCustomizer@0, org.springframework.boot.test.autoconfigure.web.servlet.WebDriverContextCustomizerFactory$Customizer@4d7141dc, org.springframework.boot.test.context.filter.ExcludeFilterContextCustomizer@37dbff7c, org.springframework.boot.test.json.DuplicateJsonObjectContextCustomizerFactory$DuplicateJsonObjectContextCustomizer@22372f37, org.springframework.boot.test.mock.mockito.MockitoContextCustomizer@0, org.springframework.boot.test.web.client.TestRestTemplateContextCustomizer@5e0cf93, org.springframework.test.context.web.socket.MockServerContainerContextCustomizer@5a3ee127, org.springframework.boot.test.context.SpringBootTestArgs@1, org.springframework.boot.test.context.SpringBootTestWebEnvironment@3686fbce], resourceBasePath = 'src/main/webapp', contextLoader = 'org.springframework.boot.test.context.SpringBootContextLoader', parent = [null]], attributes = map['org.springframework.test.context.web.ServletTestExecutionListener.activateListener' -> true]], class annotated with @DirtiesContext [false] with mode [null].
21:49:22.667 [Test worker] DEBUG org.springframework.test.context.support.TestPropertySourceUtils - Adding inlined properties to environment: {spring.jmx.enabled=false, org.springframework.boot.test.context.SpringBootTestContextBootstrapper=true}

  .   ____          _            __ _ _
 /\\ / ___'_ __ _ _(_)_ __  __ _ \ \ \ \
( ( )\___ | '_ | '_| | '_ \/ _` | \ \ \ \
 \\/  ___)| |_)| | | | | || (_| |  ) ) ) )
  '  |____| .__|_| |_|_| |_\__, | / / / /
 =========|_|==============|___/=/_/_/_/
 :: Spring Boot ::                (v2.5.5)

2022-10-09 21:49:22.870  INFO 6504 --- [    Test worker] org.example.IntegrationTesting           : Starting IntegrationTesting using Java 15.0.2 on LAPTOP-OE0JAP6Q with PID 6504 (started by ASUS in C:\Users\ASUS\Desktop\Eshqin_Hasanov_QA_lab5)
2022-10-09 21:49:22.873  INFO 6504 --- [    Test worker] org.example.IntegrationTesting           : No active profile set, falling back to default profiles: default
2022-10-09 21:49:24.167  INFO 6504 --- [    Test worker] org.example.IntegrationTesting           : Started IntegrationTesting in 1.493 seconds (JVM running for 2.398)
]]></system-out>
  <system-err><![CDATA[]]></system-err>
</testsuite>
